<?xml version="1.0" encoding="UTF-8"?>
<testng-results skipped="0" failed="1" total="3" passed="2">
  <reporter-output>
  </reporter-output>
  <suite name="Default suite" duration-ms="8577" started-at="2018-12-10T11:42:42Z" finished-at="2018-12-10T11:42:51Z">
    <groups>
    </groups>
    <test name="Default test" duration-ms="8577" started-at="2018-12-10T11:42:42Z" finished-at="2018-12-10T11:42:51Z">
      <class name="testngframework.SuiteDataProvider">
        <test-method status="PASS" signature="launch()[pri:0, instance:testngframework.SuiteDataProvider@1604f19]" name="launch" duration-ms="8364" started-at="2018-12-10T17:12:42Z" finished-at="2018-12-10T17:12:50Z">
          <reporter-output>
          </reporter-output>
        </test-method> <!-- launch -->
        <test-method status="FAIL" signature="search(java.lang.String)[pri:0, instance:testngframework.SuiteDataProvider@1604f19]" name="search" duration-ms="0" started-at="2018-12-10T17:12:50Z" finished-at="2018-12-10T17:12:50Z">
          <exception class="org.testng.TestNGException">
            <message>
              <![CDATA[
Parameter 'searchword' is required by @Test on method search but has not been marked @Optional or defined
in C:\Users\WONDER\AppData\Local\Temp\testng-eclipse--988591928\testng-customsuite.xml]]>
            </message>
            <full-stacktrace>
              <![CDATA[org.testng.TestNGException: 
Parameter 'searchword' is required by @Test on method search but has not been marked @Optional or defined
in C:\Users\WONDER\AppData\Local\Temp\testng-eclipse--988591928\testng-customsuite.xml
	at org.testng.internal.Parameters.createParameters(Parameters.java:155)
	at org.testng.internal.Parameters.createParameters(Parameters.java:355)
	at org.testng.internal.Parameters.handleParameters(Parameters.java:447)
	at org.testng.internal.Invoker.handleParameters(Invoker.java:1389)
	at org.testng.internal.Invoker.createParameters(Invoker.java:1081)
	at org.testng.internal.Invoker.invokeTestMethods(Invoker.java:1186)
	at org.testng.internal.TestMethodWorker.invokeTestMethods(TestMethodWorker.java:127)
	at org.testng.internal.TestMethodWorker.run(TestMethodWorker.java:111)
	at org.testng.TestRunner.privateRun(TestRunner.java:767)
	at org.testng.TestRunner.run(TestRunner.java:617)
	at org.testng.SuiteRunner.runTest(SuiteRunner.java:334)
	at org.testng.SuiteRunner.runSequentially(SuiteRunner.java:329)
	at org.testng.SuiteRunner.privateRun(SuiteRunner.java:291)
	at org.testng.SuiteRunner.run(SuiteRunner.java:240)
	at org.testng.SuiteRunnerWorker.runSuite(SuiteRunnerWorker.java:51)
	at org.testng.SuiteRunnerWorker.run(SuiteRunnerWorker.java:85)
	at org.testng.TestNG.runSuitesSequentially(TestNG.java:1197)
	at org.testng.TestNG.runSuitesLocally(TestNG.java:1122)
	at org.testng.TestNG.run(TestNG.java:1030)
	at org.testng.remote.AbstractRemoteTestNG.run(AbstractRemoteTestNG.java:114)
	at org.testng.remote.RemoteTestNG.initAndRun(RemoteTestNG.java:251)
	at org.testng.remote.RemoteTestNG.main(RemoteTestNG.java:77)
]]>
            </full-stacktrace>
          </exception> <!-- org.testng.TestNGException -->
          <reporter-output>
          </reporter-output>
        </test-method> <!-- search -->
        <test-method status="PASS" signature="close()[pri:0, instance:testngframework.SuiteDataProvider@1604f19]" name="close" duration-ms="186" started-at="2018-12-10T17:12:50Z" finished-at="2018-12-10T17:12:51Z">
          <reporter-output>
          </reporter-output>
        </test-method> <!-- close -->
      </class> <!-- testngframework.SuiteDataProvider -->
    </test> <!-- Default test -->
  </suite> <!-- Default suite -->
</testng-results>
