<?xml version="1.0" encoding="UTF-8"?>
<!-- Generated by org.testng.reporters.JUnitXMLReporter -->
<testsuite hostname="REEHANA-PC" name="Default test" tests="3" failures="0" timestamp="10 Dec 2018 11:42:51 GMT" time="8.577" errors="0">
  <testcase name="launch" time="8.364" classname="testngframework.SuiteDataProvider"/>
  <testcase name="search" time="0.002" classname="testngframework.SuiteDataProvider">
    <skipped/>
  </testcase> <!-- search -->
  <testcase name="close" time="0.186" classname="testngframework.SuiteDataProvider"/>
</testsuite> <!-- Default test -->
