<?xml version="1.0" encoding="UTF-8"?>
<!-- Generated by org.testng.reporters.JUnitXMLReporter -->
<testsuite hostname="REEHANA-PC" name="Test2" tests="3" failures="0" timestamp="10 Dec 2018 11:28:08 GMT" time="11.325" errors="0">
  <testcase name="launch" time="6.493" classname="testngframework.SuiteDataProvider"/>
  <testcase name="search" time="4.549" classname="testngframework.SuiteDataProvider"/>
  <testcase name="close" time="0.274" classname="testngframework.SuiteDataProvider"/>
</testsuite> <!-- Test2 -->
