<?xml version="1.0" encoding="UTF-8"?>
<!-- Generated by org.testng.reporters.JUnitXMLReporter -->
<testsuite hostname="REEHANA-PC" name="Test1" tests="3" failures="0" timestamp="10 Dec 2018 11:44:44 GMT" time="12.205" errors="0">
  <testcase name="launch" time="7.653" classname="testngframework.SuiteDataProvider"/>
  <testcase name="search" time="4.278" classname="testngframework.SuiteDataProvider"/>
  <testcase name="close" time="0.254" classname="testngframework.SuiteDataProvider"/>
</testsuite> <!-- Test1 -->
