<?xml version="1.0" encoding="UTF-8"?>
<!-- Generated by org.testng.reporters.JUnitXMLReporter -->
<testsuite hostname="REEHANA-PC" name="Test4" tests="3" failures="0" timestamp="10 Dec 2018 11:23:20 GMT" time="14.11" errors="0">
  <testcase name="launch" time="7.641" classname="testngframework.SuiteDataProvider"/>
  <testcase name="search" time="4.132" classname="testngframework.SuiteDataProvider"/>
  <testcase name="close" time="2.329" classname="testngframework.SuiteDataProvider"/>
</testsuite> <!-- Test4 -->
